<?xml version="1.0" encoding="UTF-8"?>
<!-- Generated by org.testng.reporters.JUnitXMLReporter -->
<testsuite ignored="0" hostname="DESKTOP-4J22C4F" failures="0" tests="3" name="ChromeTest" time="67.673" errors="0" timestamp="2024-05-30T22:28:18 IST">
  <testcase classname="Tej_test.TestScenario_1" name="TestScenario1" time="8.992"/>
  <testcase classname="Tej_test.TestScenario_2" name="TestScenario2" time="6.928"/>
  <testcase classname="Tej_test.TestScenario_3" name="TestScenario3" time="12.048"/>
</testsuite> <!-- ChromeTest -->
