<?xml version="1.0" encoding="UTF-8"?>
<testng-results total="6" passed="5" failed="1" skipped="0">
  <reporter-output>
  </reporter-output>
  <suite started-at="2024-06-29T07:27:52Z" name="Parallel Test Suite" finished-at="2024-06-29T07:29:26Z" duration-ms="94175">
    <groups>
    </groups>
    <test started-at="2024-06-29T07:27:52Z" name="ChromeTest" finished-at="2024-06-29T07:28:47Z" duration-ms="55189">
      <class name="Jyothi_test.TestScenario_2">
        <test-method is-config="true" signature="setUp(java.lang.String, java.lang.String, java.lang.String)[pri:0, instance:Jyothi_test.TestScenario_2@a1cdc6d]" started-at="2024-06-29T12:58:05Z" name="setUp" finished-at="2024-06-29T12:58:20Z" duration-ms="15271" status="PASS">
          <params>
            <param index="0">
              <value>
                <![CDATA[chrome]]>
              </value>
            </param>
            <param index="1">
              <value>
                <![CDATA[latest]]>
              </value>
            </param>
            <param index="2">
              <value>
                <![CDATA[Windows 10]]>
              </value>
            </param>
          </params>
          <reporter-output>
          </reporter-output>
        </test-method> <!-- setUp -->
        <test-method signature="TestScenario2()[pri:0, instance:Jyothi_test.TestScenario_2@a1cdc6d]" started-at="2024-06-29T12:58:20Z" name="TestScenario2" finished-at="2024-06-29T12:58:22Z" duration-ms="1656" status="PASS">
          <reporter-output>
          </reporter-output>
        </test-method> <!-- TestScenario2 -->
        <test-method is-config="true" signature="tearDown()[pri:0, instance:Jyothi_test.TestScenario_2@a1cdc6d]" started-at="2024-06-29T12:58:22Z" name="tearDown" finished-at="2024-06-29T12:58:22Z" duration-ms="193" status="PASS">
          <reporter-output>
          </reporter-output>
        </test-method> <!-- tearDown -->
      </class> <!-- Jyothi_test.TestScenario_2 -->
      <class name="Jyothi_test.TestScenario_1">
        <test-method is-config="true" signature="setUp(java.lang.String, java.lang.String, java.lang.String)[pri:0, instance:Jyothi_test.TestScenario_1@623a8092]" started-at="2024-06-29T12:57:52Z" name="setUp" finished-at="2024-06-29T12:58:02Z" duration-ms="9753" status="PASS">
          <params>
            <param index="0">
              <value>
                <![CDATA[chrome]]>
              </value>
            </param>
            <param index="1">
              <value>
                <![CDATA[latest]]>
              </value>
            </param>
            <param index="2">
              <value>
                <![CDATA[Windows 10]]>
              </value>
            </param>
          </params>
          <reporter-output>
          </reporter-output>
        </test-method> <!-- setUp -->
        <test-method signature="TestScenario1()[pri:0, instance:Jyothi_test.TestScenario_1@623a8092]" started-at="2024-06-29T12:58:02Z" name="TestScenario1" finished-at="2024-06-29T12:58:04Z" duration-ms="2776" status="PASS">
          <reporter-output>
          </reporter-output>
        </test-method> <!-- TestScenario1 -->
        <test-method is-config="true" signature="tearDown()[pri:0, instance:Jyothi_test.TestScenario_1@623a8092]" started-at="2024-06-29T12:58:04Z" name="tearDown" finished-at="2024-06-29T12:58:05Z" duration-ms="170" status="PASS">
          <reporter-output>
          </reporter-output>
        </test-method> <!-- tearDown -->
      </class> <!-- Jyothi_test.TestScenario_1 -->
      <class name="Jyothi_test.TestScenario_3">
        <test-method is-config="true" signature="setUp(java.lang.String, java.lang.String, java.lang.String)[pri:0, instance:Jyothi_test.TestScenario_3@175b9425]" started-at="2024-06-29T12:58:22Z" name="setUp" finished-at="2024-06-29T12:58:38Z" duration-ms="16090" status="PASS">
          <params>
            <param index="0">
              <value>
                <![CDATA[chrome]]>
              </value>
            </param>
            <param index="1">
              <value>
                <![CDATA[latest]]>
              </value>
            </param>
            <param index="2">
              <value>
                <![CDATA[Windows 10]]>
              </value>
            </param>
          </params>
          <reporter-output>
          </reporter-output>
        </test-method> <!-- setUp -->
        <test-method signature="TestScenario3()[pri:0, instance:Jyothi_test.TestScenario_3@175b9425]" started-at="2024-06-29T12:58:38Z" name="TestScenario3" finished-at="2024-06-29T12:58:47Z" duration-ms="9059" status="PASS">
          <reporter-output>
          </reporter-output>
        </test-method> <!-- TestScenario3 -->
        <test-method is-config="true" signature="tearDown()[pri:0, instance:Jyothi_test.TestScenario_3@175b9425]" started-at="2024-06-29T12:58:47Z" name="tearDown" finished-at="2024-06-29T12:58:47Z" duration-ms="182" status="PASS">
          <reporter-output>
          </reporter-output>
        </test-method> <!-- tearDown -->
      </class> <!-- Jyothi_test.TestScenario_3 -->
    </test> <!-- ChromeTest -->
    <test started-at="2024-06-29T07:27:52Z" name="SafariTest" finished-at="2024-06-29T07:29:26Z" duration-ms="94175">
      <class name="Jyothi_test.TestScenario_2">
        <test-method is-config="true" signature="setUp(java.lang.String, java.lang.String, java.lang.String)[pri:0, instance:Jyothi_test.TestScenario_2@50caa560]" started-at="2024-06-29T12:58:11Z" name="setUp" finished-at="2024-06-29T12:58:24Z" duration-ms="12972" status="PASS">
          <params>
            <param index="0">
              <value>
                <![CDATA[safari]]>
              </value>
            </param>
            <param index="1">
              <value>
                <![CDATA[latest]]>
              </value>
            </param>
            <param index="2">
              <value>
                <![CDATA[macOS Catalina]]>
              </value>
            </param>
          </params>
          <reporter-output>
          </reporter-output>
        </test-method> <!-- setUp -->
        <test-method signature="TestScenario2()[pri:0, instance:Jyothi_test.TestScenario_2@50caa560]" started-at="2024-06-29T12:58:24Z" name="TestScenario2" finished-at="2024-06-29T12:58:30Z" duration-ms="5539" status="PASS">
          <reporter-output>
          </reporter-output>
        </test-method> <!-- TestScenario2 -->
        <test-method is-config="true" signature="tearDown()[pri:0, instance:Jyothi_test.TestScenario_2@50caa560]" started-at="2024-06-29T12:58:30Z" name="tearDown" finished-at="2024-06-29T12:58:30Z" duration-ms="223" status="PASS">
          <reporter-output>
          </reporter-output>
        </test-method> <!-- tearDown -->
      </class> <!-- Jyothi_test.TestScenario_2 -->
      <class name="Jyothi_test.TestScenario_1">
        <test-method is-config="true" signature="setUp(java.lang.String, java.lang.String, java.lang.String)[pri:0, instance:Jyothi_test.TestScenario_1@568ff82]" started-at="2024-06-29T12:57:52Z" name="setUp" finished-at="2024-06-29T12:58:06Z" duration-ms="13650" status="PASS">
          <params>
            <param index="0">
              <value>
                <![CDATA[safari]]>
              </value>
            </param>
            <param index="1">
              <value>
                <![CDATA[latest]]>
              </value>
            </param>
            <param index="2">
              <value>
                <![CDATA[macOS Catalina]]>
              </value>
            </param>
          </params>
          <reporter-output>
          </reporter-output>
        </test-method> <!-- setUp -->
        <test-method signature="TestScenario1()[pri:0, instance:Jyothi_test.TestScenario_1@568ff82]" started-at="2024-06-29T12:58:06Z" name="TestScenario1" finished-at="2024-06-29T12:58:11Z" duration-ms="5516" status="PASS">
          <reporter-output>
          </reporter-output>
        </test-method> <!-- TestScenario1 -->
        <test-method is-config="true" signature="tearDown()[pri:0, instance:Jyothi_test.TestScenario_1@568ff82]" started-at="2024-06-29T12:58:11Z" name="tearDown" finished-at="2024-06-29T12:58:11Z" duration-ms="226" status="PASS">
          <reporter-output>
          </reporter-output>
        </test-method> <!-- tearDown -->
      </class> <!-- Jyothi_test.TestScenario_1 -->
      <class name="Jyothi_test.TestScenario_3">
        <test-method is-config="true" signature="setUp(java.lang.String, java.lang.String, java.lang.String)[pri:0, instance:Jyothi_test.TestScenario_3@2a266d09]" started-at="2024-06-29T12:58:30Z" name="setUp" finished-at="2024-06-29T12:59:20Z" duration-ms="50329" status="PASS">
          <params>
            <param index="0">
              <value>
                <![CDATA[safari]]>
              </value>
            </param>
            <param index="1">
              <value>
                <![CDATA[latest]]>
              </value>
            </param>
            <param index="2">
              <value>
                <![CDATA[macOS Catalina]]>
              </value>
            </param>
          </params>
          <reporter-output>
          </reporter-output>
        </test-method> <!-- setUp -->
        <test-method signature="TestScenario3()[pri:0, instance:Jyothi_test.TestScenario_3@2a266d09]" started-at="2024-06-29T12:59:20Z" name="TestScenario3" finished-at="2024-06-29T12:59:26Z" duration-ms="5394" status="FAIL">
          <exception class="java.lang.AssertionError">
            <message>
              <![CDATA[Both text same.......... expected [Please fill in this field.] but found [Please fill out this field.]]]>
            </message>
            <full-stacktrace>
              <![CDATA[java.lang.AssertionError: Both text same.......... expected [Please fill in this field.] but found [Please fill out this field.]
	at org.testng.Assert.fail(Assert.java:94)
	at org.testng.Assert.failNotEquals(Assert.java:513)
	at org.testng.Assert.assertEqualsImpl(Assert.java:135)
	at org.testng.Assert.assertEquals(Assert.java:116)
	at org.testng.Assert.assertEquals(Assert.java:190)
	at Jyothi_test.TestScenario_3.TestScenario3(TestScenario_3.java:72)
	at java.base/jdk.internal.reflect.NativeMethodAccessorImpl.invoke0(Native Method)
	at java.base/jdk.internal.reflect.NativeMethodAccessorImpl.invoke(NativeMethodAccessorImpl.java:64)
	at java.base/jdk.internal.reflect.DelegatingMethodAccessorImpl.invoke(DelegatingMethodAccessorImpl.java:43)
	at java.base/java.lang.reflect.Method.invoke(Method.java:564)
	at org.testng.internal.MethodInvocationHelper.invokeMethod(MethodInvocationHelper.java:100)
	at org.testng.internal.Invoker.invokeMethod(Invoker.java:646)
	at org.testng.internal.Invoker.invokeTestMethod(Invoker.java:811)
	at org.testng.internal.Invoker.invokeTestMethods(Invoker.java:1137)
	at org.testng.internal.TestMethodWorker.invokeTestMethods(TestMethodWorker.java:129)
	at org.testng.internal.TestMethodWorker.run(TestMethodWorker.java:112)
	at org.testng.TestRunner.privateRun(TestRunner.java:753)
	at org.testng.TestRunner.run(TestRunner.java:607)
	at org.testng.SuiteRunner.runTest(SuiteRunner.java:368)
	at org.testng.SuiteRunner.access$000(SuiteRunner.java:39)
	at org.testng.SuiteRunner$SuiteWorker.run(SuiteRunner.java:402)
	at org.testng.internal.thread.ThreadUtil$2.call(ThreadUtil.java:64)
	at java.base/java.util.concurrent.FutureTask.run(FutureTask.java:264)
	at java.base/java.util.concurrent.ThreadPoolExecutor.runWorker(ThreadPoolExecutor.java:1130)
	at java.base/java.util.concurrent.ThreadPoolExecutor$Worker.run(ThreadPoolExecutor.java:630)
	at java.base/java.lang.Thread.run(Thread.java:832)
]]>
            </full-stacktrace>
          </exception> <!-- java.lang.AssertionError -->
          <reporter-output>
          </reporter-output>
        </test-method> <!-- TestScenario3 -->
        <test-method is-config="true" signature="tearDown()[pri:0, instance:Jyothi_test.TestScenario_3@2a266d09]" started-at="2024-06-29T12:59:26Z" name="tearDown" finished-at="2024-06-29T12:59:26Z" duration-ms="287" status="PASS">
          <reporter-output>
          </reporter-output>
        </test-method> <!-- tearDown -->
      </class> <!-- Jyothi_test.TestScenario_3 -->
    </test> <!-- SafariTest -->
  </suite> <!-- Parallel Test Suite -->
</testng-results>
