<?xml version="1.0" encoding="UTF-8"?>
<testsuite xmlns:xsi="http://www.w3.org/2001/XMLSchema-instance" xsi:noNamespaceSchemaLocation="https://maven.apache.org/surefire/maven-surefire-plugin/xsd/surefire-test-report-3.0.xsd" version="3.0" name="TestSuite" time="73.408" tests="6" errors="0" skipped="0" failures="1">
  <properties>
[...]
</properties>
  <testcase name="TestScenario1" classname="Tej_test.TestScenario_1" time="4.177">
    <system-out><![CDATA[RemoteWebDriver: chrome on WINDOWS (d88e308a41d09c7b011d378e9a666893)
RemoteWebDriver: Safari on MAC (A7BA9C45-26DF-4C8B-AEB2-2EA87F41ACCA)
URL contains 'simple-form-demo'
Message Same.............'
]]></system-out>
    <system-err><![CDATA[May 30, 2024 10:33:30 PM org.openqa.selenium.remote.tracing.opentelemetry.OpenTelemetryTracer createTracer
INFO: Using OpenTelemetry for tracing
SLF4J: Failed to load class "org.slf4j.impl.StaticLoggerBinder".
SLF4J: Defaulting to no-operation (NOP) logger implementation
SLF4J: See http://www.slf4j.org/codes.html#StaticLoggerBinder for further details.
May 30, 2024 10:33:38 PM org.openqa.selenium.remote.ProtocolHandshake createSession
INFO: Detected dialect: W3C
May 30, 2024 10:33:42 PM org.openqa.selenium.remote.ProtocolHandshake createSession
INFO: Detected dialect: W3C
]]></system-err>
  </testcase>
  <testcase name="TestScenario1" classname="Tej_test.TestScenario_1" time="6.988">
    <system-out><![CDATA[URL contains 'simple-form-demo'
]]></system-out>
    <system-err><![CDATA[org.openqa.selenium.WebDriverException: Build info: version: '4.1.0', revision: '87802e897b'
System info: host: 'DESKTOP-4J22C4F', ip: '192.168.0.104', os.name: 'Windows 10', os.arch: 'amd64', os.version: '10.0', java.version: '15.0.1'
Driver info: org.openqa.selenium.remote.RemoteWebDriver
Command: [A7BA9C45-26DF-4C8B-AEB2-2EA87F41ACCA, clickElement {id=node-EFA19897-753E-466D-80FC-0C90923C50C5}]
Capabilities {acceptInsecureCerts: false, browserName: Safari, browserVersion: 13.1.2, javascriptEnabled: true, platform: MAC, platformName: MAC, safari:automaticInspection: false, safari:automaticProfiling: false, safari:diagnose: false, safari:platformBuildVersion: 19G73, safari:platformVersion: 10.15.6, safari:useSimulator: false, setWindowRect: true, strictFileInteractability: false, webkit:WebRTC: {DisableICECandidateFiltering: false, DisableInsecureMediaCapture: false}}
Element: [[RemoteWebDriver: Safari on MAC (A7BA9C45-26DF-4C8B-AEB2-2EA87F41ACCA)] -> xpath: //button[normalize-space()='Get Checked Value']]
Session ID: A7BA9C45-26DF-4C8B-AEB2-2EA87F41ACCA
	at java.base/jdk.internal.reflect.NativeConstructorAccessorImpl.newInstance0(Native Method)
	at java.base/jdk.internal.reflect.NativeConstructorAccessorImpl.newInstance(NativeConstructorAccessorImpl.java:64)
	at java.base/jdk.internal.reflect.DelegatingConstructorAccessorImpl.newInstance(DelegatingConstructorAccessorImpl.java:45)
	at java.base/java.lang.reflect.Constructor.newInstanceWithCaller(Constructor.java:500)
	at java.base/java.lang.reflect.Constructor.newInstance(Constructor.java:481)
	at org.openqa.selenium.remote.codec.w3c.W3CHttpResponseCodec.createException(W3CHttpResponseCodec.java:200)
	at org.openqa.selenium.remote.codec.w3c.W3CHttpResponseCodec.decode(W3CHttpResponseCodec.java:133)
	at org.openqa.selenium.remote.codec.w3c.W3CHttpResponseCodec.decode(W3CHttpResponseCodec.java:53)
	at org.openqa.selenium.remote.HttpCommandExecutor.execute(HttpCommandExecutor.java:184)
	at org.openqa.selenium.remote.TracedCommandExecutor.execute(TracedCommandExecutor.java:50)
	at org.openqa.selenium.remote.RemoteWebDriver.execute(RemoteWebDriver.java:559)
	at org.openqa.selenium.remote.RemoteWebElement.execute(RemoteWebElement.java:251)
	at org.openqa.selenium.remote.RemoteWebElement.click(RemoteWebElement.java:77)
	at Tej_test.TestScenario_1.TestScenario1(TestScenario_1.java:69)
	at java.base/jdk.internal.reflect.NativeMethodAccessorImpl.invoke0(Native Method)
	at java.base/jdk.internal.reflect.NativeMethodAccessorImpl.invoke(NativeMethodAccessorImpl.java:64)
	at java.base/jdk.internal.reflect.DelegatingMethodAccessorImpl.invoke(DelegatingMethodAccessorImpl.java:43)
	at java.base/java.lang.reflect.Method.invoke(Method.java:564)
	at org.testng.internal.MethodInvocationHelper.invokeMethod(MethodInvocationHelper.java:100)
	at org.testng.internal.Invoker.invokeMethod(Invoker.java:646)
	at org.testng.internal.Invoker.invokeTestMethod(Invoker.java:811)
	at org.testng.internal.Invoker.invokeTestMethods(Invoker.java:1137)
	at org.testng.internal.TestMethodWorker.invokeTestMethods(TestMethodWorker.java:129)
	at org.testng.internal.TestMethodWorker.run(TestMethodWorker.java:112)
	at org.testng.TestRunner.privateRun(TestRunner.java:753)
	at org.testng.TestRunner.run(TestRunner.java:607)
	at org.testng.SuiteRunner.runTest(SuiteRunner.java:368)
	at org.testng.SuiteRunner.access$000(SuiteRunner.java:39)
	at org.testng.SuiteRunner$SuiteWorker.run(SuiteRunner.java:402)
	at org.testng.internal.thread.ThreadUtil$2.call(ThreadUtil.java:64)
	at java.base/java.util.concurrent.FutureTask.run(FutureTask.java:264)
	at java.base/java.util.concurrent.ThreadPoolExecutor.runWorker(ThreadPoolExecutor.java:1130)
	at java.base/java.util.concurrent.ThreadPoolExecutor$Worker.run(ThreadPoolExecutor.java:630)
	at java.base/java.lang.Thread.run(Thread.java:832)
]]></system-err>
  </testcase>
  <testcase name="TestScenario2" classname="Tej_test.TestScenario_2" time="5.093">
    <system-out><![CDATA[RemoteWebDriver: chrome on WINDOWS (9b4615c0709d1065e14d78d686c207c7)
RemoteWebDriver: Safari on MAC (5BE4644B-C7B9-461E-8A62-F80F4FD3AECD)
The value of the slider: 95
]]></system-out>
    <system-err><![CDATA[May 30, 2024 10:34:01 PM org.openqa.selenium.remote.ProtocolHandshake createSession
INFO: Detected dialect: W3C
May 30, 2024 10:34:05 PM org.openqa.selenium.remote.ProtocolHandshake createSession
INFO: Detected dialect: W3C
]]></system-err>
  </testcase>
  <testcase name="TestScenario2" classname="Tej_test.TestScenario_2" time="6.34">
    <system-out><![CDATA[The value of the slider: 95
]]></system-out>
  </testcase>
  <testcase name="TestScenario3" classname="Tej_test.TestScenario_3" time="5.323">
    <failure message="Both text same.......... expected [Please fill in this field.] but found [Please fill out this field.]" type="java.lang.AssertionError"><![CDATA[java.lang.AssertionError: Both text same.......... expected [Please fill in this field.] but found [Please fill out this field.]
	at Tej_test.TestScenario_3.TestScenario3(TestScenario_3.java:72)
]]></failure>
    <system-out><![CDATA[RemoteWebDriver: chrome on WINDOWS (fa1354ec3b825f1e79c26c2a48de3ca9)
RemoteWebDriver: chrome on MAC (cbd3839c48488ad0d615fb2c71712608)
user name Please fill in this field.
]]></system-out>
    <system-err><![CDATA[May 30, 2024 10:34:27 PM org.openqa.selenium.remote.ProtocolHandshake createSession
INFO: Detected dialect: W3C
May 30, 2024 10:34:29 PM org.openqa.selenium.remote.ProtocolHandshake createSession
INFO: Detected dialect: W3C
]]></system-err>
  </testcase>
  <testcase name="TestScenario3" classname="Tej_test.TestScenario_3" time="13.256">
    <system-out><![CDATA[user name Please fill out this field.
]]></system-out>
  </testcase>
</testsuite>