<?xml version="1.0" encoding="UTF-8"?>
<testsuite xmlns:xsi="http://www.w3.org/2001/XMLSchema-instance" xsi:noNamespaceSchemaLocation="https://maven.apache.org/surefire/maven-surefire-plugin/xsd/surefire-test-report-3.0.xsd" version="3.0" name="TestSuite" time="95.337" tests="6" errors="0" skipped="0" failures="1">
  <properties>
[...]
</properties>
  <testcase name="TestScenario1" classname="Jyothi_test.TestScenario_1" time="2.774">
    <system-out><![CDATA[RemoteWebDriver: chrome on WINDOWS (d3d75c48252bee75edd15812b16c02f5)
URL contains 'simple-form-demo'
Message Same.............'
]]></system-out>
    <system-err><![CDATA[Jun 29, 2024 12:57:52 PM org.openqa.selenium.remote.tracing.opentelemetry.OpenTelemetryTracer createTracer
INFO: Using OpenTelemetry for tracing
SLF4J: Failed to load class "org.slf4j.impl.StaticLoggerBinder".
SLF4J: Defaulting to no-operation (NOP) logger implementation
SLF4J: See http://www.slf4j.org/codes.html#StaticLoggerBinder for further details.
Jun 29, 2024 12:58:02 PM org.openqa.selenium.remote.ProtocolHandshake createSession
INFO: Detected dialect: W3C
]]></system-err>
  </testcase>
  <testcase name="TestScenario1" classname="Jyothi_test.TestScenario_1" time="5.513">
    <system-out><![CDATA[RemoteWebDriver: Safari on MAC (54B22C49-0BDD-4E18-97BE-2C9E95B9695A)
URL contains 'simple-form-demo'
Message Same.............'
]]></system-out>
    <system-err><![CDATA[Jun 29, 2024 12:58:06 PM org.openqa.selenium.remote.ProtocolHandshake createSession
INFO: Detected dialect: W3C
]]></system-err>
  </testcase>
  <testcase name="TestScenario2" classname="Jyothi_test.TestScenario_2" time="1.653">
    <system-out><![CDATA[RemoteWebDriver: chrome on WINDOWS (4dbd3d4365e71df6d2bc8dcd3a79ef2a)
The value of the slider: 95
]]></system-out>
    <system-err><![CDATA[Jun 29, 2024 12:58:20 PM org.openqa.selenium.remote.ProtocolHandshake createSession
INFO: Detected dialect: W3C
]]></system-err>
  </testcase>
  <testcase name="TestScenario2" classname="Jyothi_test.TestScenario_2" time="5.539">
    <system-out><![CDATA[RemoteWebDriver: Safari on MAC (6FF2E4C9-815B-4647-92D0-5ADDFF6DAAFB)
The value of the slider: 95
]]></system-out>
    <system-err><![CDATA[Jun 29, 2024 12:58:24 PM org.openqa.selenium.remote.ProtocolHandshake createSession
INFO: Detected dialect: W3C
]]></system-err>
  </testcase>
  <testcase name="TestScenario3" classname="Jyothi_test.TestScenario_3" time="9.054">
    <system-out><![CDATA[RemoteWebDriver: chrome on WINDOWS (db7c8f3d18e47a2f5ae55c7836bef6f1)
user name Please fill out this field.
]]></system-out>
    <system-err><![CDATA[Jun 29, 2024 12:58:38 PM org.openqa.selenium.remote.ProtocolHandshake createSession
INFO: Detected dialect: W3C
]]></system-err>
  </testcase>
  <testcase name="TestScenario3" classname="Jyothi_test.TestScenario_3" time="5.395">
    <failure message="Both text same.......... expected [Please fill in this field.] but found [Please fill out this field.]" type="java.lang.AssertionError"><![CDATA[java.lang.AssertionError: Both text same.......... expected [Please fill in this field.] but found [Please fill out this field.]
	at Jyothi_test.TestScenario_3.TestScenario3(TestScenario_3.java:72)
]]></failure>
    <system-out><![CDATA[RemoteWebDriver: chrome on MAC (68d634f25a45e599f7dd10b7573e4653)
user name Please fill in this field.
]]></system-out>
    <system-err><![CDATA[Jun 29, 2024 12:59:20 PM org.openqa.selenium.remote.ProtocolHandshake createSession
INFO: Detected dialect: W3C
]]></system-err>
  </testcase>
</testsuite>