<?xml version="1.0" encoding="UTF-8"?>
<!-- Generated by org.testng.reporters.JUnitXMLReporter -->
<testsuite hostname="DESKTOP-4J22C4F" failures="0" tests="3" name="ChromeTest" time="72.209" errors="0" timestamp="30 May 2024 17:04:42 GMT">
  <testcase classname="Tej_test.TestScenario_1" name="TestScenario1" time="8.353"/>
  <testcase classname="Tej_test.TestScenario_2" name="TestScenario2" time="8.976"/>
  <testcase classname="Tej_test.TestScenario_3" name="TestScenario3" time="15.502"/>
</testsuite> <!-- ChromeTest -->
