<?xml version="1.0" encoding="UTF-8"?>
<!-- Generated by org.testng.reporters.JUnitXMLReporter -->
<testsuite hostname="DESKTOP-4J22C4F" failures="0" tests="3" name="ChromeTest" time="55.189" errors="0" timestamp="29 Jun 2024 07:28:47 GMT">
  <testcase classname="Jyothi_test.TestScenario_1" name="TestScenario1" time="2.776"/>
  <testcase classname="Jyothi_test.TestScenario_2" name="TestScenario2" time="1.656"/>
  <testcase classname="Jyothi_test.TestScenario_3" name="TestScenario3" time="9.059"/>
</testsuite> <!-- ChromeTest -->
